current directory: /Users/joetorres/Desktop/hof/commonmarker/ruby/2.7.0/gems/ffi-1.9.23/ext/ffi_c
/Users/joetorres/.rvm/rubies/ruby-2.7.2/bin/ruby -I /Users/joetorres/.rvm/rubies/ruby-2.7.2/lib/ruby/2.7.0 -r ./siteconf20210427-28887-yzv2xk.rb extconf.rb
checking for ffi_call() in -lffi... yes
checking for ffi_closure_alloc()... yes
checking for ffi_raw_call()... yes
checking for ffi_prep_raw_closure()... yes
checking for shlwapi.h... no
checking for rb_thread_blocking_region()... no
checking for rb_thread_call_with_gvl()... yes
checking for rb_thread_call_without_gvl()... yes
checking for ffi_prep_cif_var()... yes
creating extconf.h
creating Makefile

current directory: /Users/joetorres/Desktop/hof/commonmarker/ruby/2.7.0/gems/ffi-1.9.23/ext/ffi_c
make "DESTDIR=" clean

current directory: /Users/joetorres/Desktop/hof/commonmarker/ruby/2.7.0/gems/ffi-1.9.23/ext/ffi_c
make "DESTDIR="
compiling AbstractMemory.c
compiling ArrayType.c
compiling Buffer.c
compiling Call.c
Call.c:334:5: warning: implicit declaration of function 'rb_thread_call_without_gvl' is invalid in C99 [-Wimplicit-function-declaration]
    rbffi_thread_blocking_region(call_blocking_function, data, (void *) -1, NULL);
    ^
./Thread.h:78:39: note: expanded from macro 'rbffi_thread_blocking_region'
# define rbffi_thread_blocking_region rb_thread_call_without_gvl
                                      ^
Call.c:388:20: warning: incompatible pointer types passing 'VALUE (void *)' (aka 'unsigned long (void *)') to parameter of type 'VALUE (*)(VALUE)' (aka 'unsigned long (*)(unsigned long)') [-Wincompatible-pointer-types]
        rb_rescue2(rbffi_do_blocking_call, (VALUE) bc, rbffi_save_frame_exception, (VALUE) &frame, rb_eException, (VALUE) 0);
                   ^~~~~~~~~~~~~~~~~~~~~~
/Users/joetorres/.rvm/rubies/ruby-2.7.2/include/ruby-2.7.0/ruby/ruby.h:1988:25: note: passing argument to parameter here
VALUE rb_rescue2(VALUE(*)(VALUE),VALUE,VALUE(*)(VALUE,VALUE),VALUE,...);
                        ^
Call.c:388:56: warning: incompatible pointer types passing 'VALUE (void *, VALUE)' (aka 'unsigned long (void *, unsigned long)') to parameter of type 'VALUE (*)(VALUE, VALUE)' (aka 'unsigned long (*)(unsigned long, unsigned long)') [-Wincompatible-pointer-types]
        rb_rescue2(rbffi_do_blocking_call, (VALUE) bc, rbffi_save_frame_exception, (VALUE) &frame, rb_eException, (VALUE) 0);
                                                       ^~~~~~~~~~~~~~~~~~~~~~~~~~
/Users/joetorres/.rvm/rubies/ruby-2.7.2/include/ruby-2.7.0/ruby/ruby.h:1988:47: note: passing argument to parameter here
VALUE rb_rescue2(VALUE(*)(VALUE),VALUE,VALUE(*)(VALUE,VALUE),VALUE,...);
                                              ^
3 warnings generated.
compiling Closure.c
compiling DataConverter.c
compiling DynamicLibrary.c
compiling Function.c
Function.c:569:9: warning: implicit declaration of function 'rb_thread_call_without_gvl' is invalid in C99 [-Wimplicit-function-declaration]
        rb_thread_call_without_gvl(async_cb_wait, &w, async_cb_stop, &w);
        ^
Function.c:743:16: warning: incompatible pointer types passing 'VALUE (void *)' (aka 'unsigned long (void *)') to parameter of type 'VALUE (*)(VALUE)' (aka 'unsigned long (*)(unsigned long)') [-Wincompatible-pointer-types]
    rb_rescue2(invoke_callback, (VALUE) data, save_callback_exception, (VALUE) data, rb_eException, (VALUE) 0);
               ^~~~~~~~~~~~~~~
/Users/joetorres/.rvm/rubies/ruby-2.7.2/include/ruby-2.7.0/ruby/ruby.h:1988:25: note: passing argument to parameter here
VALUE rb_rescue2(VALUE(*)(VALUE),VALUE,VALUE(*)(VALUE,VALUE),VALUE,...);
                        ^
Function.c:743:47: warning: incompatible pointer types passing 'VALUE (void *, VALUE)' (aka 'unsigned long (void *, unsigned long)') to parameter of type 'VALUE (*)(VALUE, VALUE)' (aka 'unsigned long (*)(unsigned long, unsigned long)') [-Wincompatible-pointer-types]
    rb_rescue2(invoke_callback, (VALUE) data, save_callback_exception, (VALUE) data, rb_eException, (VALUE) 0);
                                              ^~~~~~~~~~~~~~~~~~~~~~~
/Users/joetorres/.rvm/rubies/ruby-2.7.2/include/ruby-2.7.0/ruby/ruby.h:1988:47: note: passing argument to parameter here
VALUE rb_rescue2(VALUE(*)(VALUE),VALUE,VALUE(*)(VALUE,VALUE),VALUE,...);
                                              ^
3 warnings generated.
compiling FunctionInfo.c
compiling LastError.c
compiling LongDouble.c
LongDouble.c:19:59: warning: incompatible pointer types passing 'VALUE (VALUE)' (aka 'unsigned long (unsigned long)') to parameter of type 'VALUE (*)(VALUE, VALUE)' (aka 'unsigned long (*)(unsigned long, unsigned long)') [-Wincompatible-pointer-types]
        rb_cBigDecimal = rb_rescue(bigdecimal_load, Qnil, bigdecimal_failed, rb_cObject);
                                                          ^~~~~~~~~~~~~~~~~
/Users/joetorres/.rvm/rubies/ruby-2.7.2/include/ruby-2.7.0/ruby/ruby.h:1987:46: note: passing argument to parameter here
VALUE rb_rescue(VALUE(*)(VALUE),VALUE,VALUE(*)(VALUE,VALUE),VALUE);
                                             ^
1 warning generated.
compiling MappedType.c
compiling MemoryPointer.c
compiling MethodHandle.c
compiling Platform.c
compiling Pointer.c
compiling Struct.c
compiling StructByReference.c
compiling StructByValue.c
compiling StructLayout.c
compiling Thread.c
compiling Type.c
compiling Types.c
compiling Variadic.c
Variadic.c:274:20: warning: incompatible pointer types passing 'VALUE (void *)' (aka 'unsigned long (void *)') to parameter of type 'VALUE (*)(VALUE)' (aka 'unsigned long (*)(unsigned long)') [-Wincompatible-pointer-types]
        rb_rescue2(rbffi_do_blocking_call, (VALUE) bc, rbffi_save_frame_exception, (VALUE) &frame, rb_eException, (VALUE) 0);
                   ^~~~~~~~~~~~~~~~~~~~~~
/Users/joetorres/.rvm/rubies/ruby-2.7.2/include/ruby-2.7.0/ruby/ruby.h:1988:25: note: passing argument to parameter here
VALUE rb_rescue2(VALUE(*)(VALUE),VALUE,VALUE(*)(VALUE,VALUE),VALUE,...);
                        ^
Variadic.c:274:56: warning: incompatible pointer types passing 'VALUE (void *, VALUE)' (aka 'unsigned long (void *, unsigned long)') to parameter of type 'VALUE (*)(VALUE, VALUE)' (aka 'unsigned long (*)(unsigned long, unsigned long)') [-Wincompatible-pointer-types]
        rb_rescue2(rbffi_do_blocking_call, (VALUE) bc, rbffi_save_frame_exception, (VALUE) &frame, rb_eException, (VALUE) 0);
                                                       ^~~~~~~~~~~~~~~~~~~~~~~~~~
/Users/joetorres/.rvm/rubies/ruby-2.7.2/include/ruby-2.7.0/ruby/ruby.h:1988:47: note: passing argument to parameter here
VALUE rb_rescue2(VALUE(*)(VALUE),VALUE,VALUE(*)(VALUE,VALUE),VALUE,...);
                                              ^
2 warnings generated.
compiling ffi.c
linking shared-object ffi_c.bundle

current directory: /Users/joetorres/Desktop/hof/commonmarker/ruby/2.7.0/gems/ffi-1.9.23/ext/ffi_c
make "DESTDIR=" install
/usr/local/opt/coreutils/bin/ginstall -c -m 0755 ffi_c.bundle ./.gem.20210427-28887-yao9s
